circlelibray/build/outputs/logs/manifest-merger-debug-report.txt
-- Merging decision tree log ---
manifest
ADDED from circleprogressbar\circlelibray\AndroidManifest.xml:2:1-14:12
INJECTED from circleprogressbar\circlelibray\AndroidManifest.xml:2:1-14:12
INJECTED from circleprogressbar\circlelibray\AndroidManifest.xml:2:1-14:12
INJECTED from circleprogressbar\circlelibray\AndroidManifest.xml:2:1-14:12
INJECTED from circleprogressbar\circlelibray\AndroidManifest.xml:2:1-14:12
INJECTED from circleprogressbar\circlelibray\AndroidManifest.xml:2:1-14:12
INJECTED from circleprogressbar\circlelibray\AndroidManifest.xml:2:1-14:12
	package
		ADDED from circleprogressbar\circlelibray\AndroidManifest.xml:2:11-61
		INJECTED from circleprogressbar\circlelibray\AndroidManifest.xml
		INJECTED from circleprogressbar\circlelibray\AndroidManifest.xml
	android:versionName
		ADDED from circleprogressbar\circlelibray\AndroidManifest.xml:6:5-30
		INJECTED from circleprogressbar\circlelibray\AndroidManifest.xml
		INJECTED from circleprogressbar\circlelibray\AndroidManifest.xml
	xmlns:tools
		ADDED from circleprogressbar\circlelibray\AndroidManifest.xml:4:5-51
	xmlns:android
		ADDED from circleprogressbar\circlelibray\AndroidManifest.xml:3:5-63
	android:versionCode
		ADDED from circleprogressbar\circlelibray\AndroidManifest.xml:5:5-28
		INJECTED from circleprogressbar\circlelibray\AndroidManifest.xml
		INJECTED from circleprogressbar\circlelibray\AndroidManifest.xml
uses-sdk
ADDED from circleprogressbar\circlelibray\AndroidManifest.xml:9:5-12:42
INJECTED from circleprogressbar\circlelibray\AndroidManifest.xml:9:5-12:42
INJECTED from circleprogressbar\circlelibray\AndroidManifest.xml:9:5-12:42
INJECTED from circleprogressbar\circlelibray\AndroidManifest.xml:9:5-12:42
INJECTED from circleprogressbar\circlelibray\AndroidManifest.xml:9:5-12:42
	android:targetSdkVersion
		ADDED from circleprogressbar\circlelibray\AndroidManifest.xml:11:9-38
		INJECTED from circleprogressbar\circlelibray\AndroidManifest.xml
		INJECTED from circleprogressbar\circlelibray\AndroidManifest.xml
	tools:ignore
		ADDED from circleprogressbar\circlelibray\AndroidManifest.xml:12:9-39
	android:minSdkVersion
		ADDED from circleprogressbar\circlelibray\AndroidManifest.xml:10:9-34
		INJECTED from circleprogressbar\circlelibray\AndroidManifest.xml
		INJECTED from circleprogressbar\circlelibray\AndroidManifest.xml